# JRE version: Java(TM) SE Runtime Environment (8.0_40-b26) (build 1.8.0_40-b26)
# Java VM: Java HotSpot(TM) 64-Bit Server VM (25.40-b25 mixed mode windows-amd64 compressed oops)
Heap:
 PSYoungGen      total 84480K, used 43964K [0x00000000e0000000, 0x00000000e6500000, 0x0000000100000000)
  eden space 78848K, 48% used [0x00000000e0000000,0x00000000e258b758,0x00000000e4d00000)
  from space 5632K, 97% used [0x00000000e5f80000,0x00000000e64e3948,0x00000000e6500000)
  to   space 7168K, 0% used [0x00000000e5700000,0x00000000e5700000,0x00000000e5e00000)
 ParOldGen       total 30208K, used 16200K [0x00000000a0000000, 0x00000000a1d80000, 0x00000000e0000000)
  object space 30208K, 53% used [0x00000000a0000000,0x00000000a0fd2348,0x00000000a1d80000)
 Metaspace       used 39973K, capacity 40768K, committed 41088K, reserved 1085440K
  class space    used 5440K, capacity 5646K, committed 5760K, reserved 1048576K
GC Heap History (10 events):
Event: 34.531 GC heap before
{Heap before GC invocations=14 (full 1):
 PSYoungGen      total 46080K, used 42031K [0x00000000e0000000, 0x00000000e3380000, 0x0000000100000000)
  eden space 39424K, 100% used [0x00000000e0000000,0x00000000e2680000,0x00000000e2680000)
  from space 6656K, 39% used [0x00000000e2d00000,0x00000000e2f8bfe0,0x00000000e3380000)
  to   space 6656K, 0% used [0x00000000e2680000,0x00000000e2680000,0x00000000e2d00000)
 ParOldGen       total 30208K, used 11489K [0x00000000a0000000, 0x00000000a1d80000, 0x00000000e0000000)
  object space 30208K, 38% used [0x00000000a0000000,0x00000000a0b38770,0x00000000a1d80000)
 Metaspace       used 30710K, capacity 31330K, committed 31616K, reserved 1077248K
  class space    used 4237K, capacity 4418K, committed 4480K, reserved 1048576K
Event: 34.540 GC heap after
Heap after GC invocations=14 (full 1):
 PSYoungGen      total 46080K, used 2389K [0x00000000e0000000, 0x00000000e4800000, 0x0000000100000000)
  eden space 39424K, 0% used [0x00000000e0000000,0x00000000e0000000,0x00000000e2680000)
  from space 6656K, 35% used [0x00000000e2680000,0x00000000e28d5570,0x00000000e2d00000)
  to   space 6656K, 0% used [0x00000000e4180000,0x00000000e4180000,0x00000000e4800000)
 ParOldGen       total 30208K, used 12062K [0x00000000a0000000, 0x00000000a1d80000, 0x00000000e0000000)
  object space 30208K, 39% used [0x00000000a0000000,0x00000000a0bc78f8,0x00000000a1d80000)
 Metaspace       used 30710K, capacity 31330K, committed 31616K, reserved 1077248K
  class space    used 4237K, capacity 4418K, committed 4480K, reserved 1048576K
}
Event: 35.551 GC heap before
{Heap before GC invocations=15 (full 1):
 PSYoungGen      total 46080K, used 41813K [0x00000000e0000000, 0x00000000e4800000, 0x0000000100000000)
  eden space 39424K, 100% used [0x00000000e0000000,0x00000000e2680000,0x00000000e2680000)
  from space 6656K, 35% used [0x00000000e2680000,0x00000000e28d5570,0x00000000e2d00000)
  to   space 6656K, 0% used [0x00000000e4180000,0x00000000e4180000,0x00000000e4800000)
 ParOldGen       total 30208K, used 12062K [0x00000000a0000000, 0x00000000a1d80000, 0x00000000e0000000)
  object space 30208K, 39% used [0x00000000a0000000,0x00000000a0bc78f8,0x00000000a1d80000)
 Metaspace       used 30943K, capacity 31522K, committed 31872K, reserved 1077248K
  class space    used 4240K, capacity 4418K, committed 4480K, reserved 1048576K
Event: 35.562 GC heap after
Heap after GC invocations=15 (full 1):
 PSYoungGen      total 66048K, used 960K [0x00000000e0000000, 0x00000000e4780000, 0x0000000100000000)
  eden space 59904K, 0% used [0x00000000e0000000,0x00000000e0000000,0x00000000e3a80000)
  from space 6144K, 15% used [0x00000000e4180000,0x00000000e4270000,0x00000000e4780000)
  to   space 6656K, 0% used [0x00000000e3a80000,0x00000000e3a80000,0x00000000e4100000)
 ParOldGen       total 30208K, used 12614K [0x00000000a0000000, 0x00000000a1d80000, 0x00000000e0000000)
  object space 30208K, 41% used [0x00000000a0000000,0x00000000a0c518f8,0x00000000a1d80000)
 Metaspace       used 30943K, capacity 31522K, committed 31872K, reserved 1077248K
  class space    used 4240K, capacity 4418K, committed 4480K, reserved 1048576K
}
Event: 37.256 GC heap before
{Heap before GC invocations=16 (full 1):
 PSYoungGen      total 66048K, used 40729K [0x00000000e0000000, 0x00000000e4780000, 0x0000000100000000)
  eden space 59904K, 66% used [0x00000000e0000000,0x00000000e26d6530,0x00000000e3a80000)
  from space 6144K, 15% used [0x00000000e4180000,0x00000000e4270000,0x00000000e4780000)
  to   space 6656K, 0% used [0x00000000e3a80000,0x00000000e3a80000,0x00000000e4100000)
 ParOldGen       total 30208K, used 12614K [0x00000000a0000000, 0x00000000a1d80000, 0x00000000e0000000)
  object space 30208K, 41% used [0x00000000a0000000,0x00000000a0c518f8,0x00000000a1d80000)
 Metaspace       used 34594K, capacity 35276K, committed 35456K, reserved 1079296K
  class space    used 4703K, capacity 4886K, committed 4992K, reserved 1048576K
Event: 37.277 GC heap after
Heap after GC invocations=16 (full 1):
 PSYoungGen      total 66560K, used 4523K [0x00000000e0000000, 0x00000000e6680000, 0x0000000100000000)
  eden space 59904K, 0% used [0x00000000e0000000,0x00000000e0000000,0x00000000e3a80000)
  from space 6656K, 67% used [0x00000000e3a80000,0x00000000e3eeaf48,0x00000000e4100000)
  to   space 7168K, 0% used [0x00000000e5f80000,0x00000000e5f80000,0x00000000e6680000)
 ParOldGen       total 30208K, used 13046K [0x00000000a0000000, 0x00000000a1d80000, 0x00000000e0000000)
  object space 30208K, 43% used [0x00000000a0000000,0x00000000a0cbd8f8,0x00000000a1d80000)
 Metaspace       used 34594K, capacity 35276K, committed 35456K, reserved 1079296K
  class space    used 4703K, capacity 4886K, committed 4992K, reserved 1048576K
}
Event: 37.277 GC heap before
{Heap before GC invocations=17 (full 2):
 PSYoungGen      total 66560K, used 4523K [0x00000000e0000000, 0x00000000e6680000, 0x0000000100000000)
  eden space 59904K, 0% used [0x00000000e0000000,0x00000000e0000000,0x00000000e3a80000)
  from space 6656K, 67% used [0x00000000e3a80000,0x00000000e3eeaf48,0x00000000e4100000)
  to   space 7168K, 0% used [0x00000000e5f80000,0x00000000e5f80000,0x00000000e6680000)
 ParOldGen       total 30208K, used 13046K [0x00000000a0000000, 0x00000000a1d80000, 0x00000000e0000000)
  object space 30208K, 43% used [0x00000000a0000000,0x00000000a0cbd8f8,0x00000000a1d80000)
 Metaspace       used 34594K, capacity 35276K, committed 35456K, reserved 1079296K
  class space    used 4703K, capacity 4886K, committed 4992K, reserved 1048576K
Event: 37.411 GC heap after
Heap after GC invocations=17 (full 2):
 PSYoungGen      total 66560K, used 0K [0x00000000e0000000, 0x00000000e6680000, 0x0000000100000000)
  eden space 59904K, 0% used [0x00000000e0000000,0x00000000e0000000,0x00000000e3a80000)
  from space 6656K, 0% used [0x00000000e3a80000,0x00000000e3a80000,0x00000000e4100000)
  to   space 7168K, 0% used [0x00000000e5f80000,0x00000000e5f80000,0x00000000e6680000)
 ParOldGen       total 30208K, used 16192K [0x00000000a0000000, 0x00000000a1d80000, 0x00000000e0000000)
  object space 30208K, 53% used [0x00000000a0000000,0x00000000a0fd0348,0x00000000a1d80000)
 Metaspace       used 34564K, capacity 35182K, committed 35456K, reserved 1079296K
  class space    used 4694K, capacity 4876K, committed 4992K, reserved 1048576K
}
Event: 39.478 GC heap before
{Heap before GC invocations=18 (full 2):
 PSYoungGen      total 66560K, used 59904K [0x00000000e0000000, 0x00000000e6680000, 0x0000000100000000)
  eden space 59904K, 100% used [0x00000000e0000000,0x00000000e3a80000,0x00000000e3a80000)
  from space 6656K, 0% used [0x00000000e3a80000,0x00000000e3a80000,0x00000000e4100000)
  to   space 7168K, 0% used [0x00000000e5f80000,0x00000000e5f80000,0x00000000e6680000)
 ParOldGen       total 30208K, used 16192K [0x00000000a0000000, 0x00000000a1d80000, 0x00000000e0000000)
  object space 30208K, 53% used [0x00000000a0000000,0x00000000a0fd0348,0x00000000a1d80000)
 Metaspace       used 38403K, capacity 39136K, committed 39552K, reserved 1083392K
  class space    used 5198K, capacity 5401K, committed 5504K, reserved 1048576K
Event: 39.489 GC heap after
Heap after GC invocations=18 (full 2):
 PSYoungGen      total 84480K, used 5518K [0x00000000e0000000, 0x00000000e6500000, 0x0000000100000000)
  eden space 78848K, 0% used [0x00000000e0000000,0x00000000e0000000,0x00000000e4d00000)
  from space 5632K, 97% used [0x00000000e5f80000,0x00000000e64e3948,0x00000000e6500000)
  to   space 7168K, 0% used [0x00000000e5700000,0x00000000e5700000,0x00000000e5e00000)
 ParOldGen       total 30208K, used 16200K [0x00000000a0000000, 0x00000000a1d80000, 0x00000000e0000000)
  object space 30208K, 53% used [0x00000000a0000000,0x00000000a0fd2348,0x00000000a1d80000)
 Metaspace       used 38403K, capacity 39136K, committed 39552K, reserved 1083392K
  class space    used 5198K, capacity 5401K, committed 5504K, reserved 1048576K
}

