# JRE version: Java(TM) SE Runtime Environment (8.0_40-b26) (build 1.8.0_40-b26)
# Java VM: Java HotSpot(TM) 64-Bit Server VM (25.40-b25 mixed mode windows-amd64 compressed oops)
Heap:
 PSYoungGen      total 87040K, used 35656K [0x00000000e0000000, 0x00000000e6500000, 0x0000000100000000)
  eden space 77312K, 35% used [0x00000000e0000000,0x00000000e1a8d448,0x00000000e4b80000)
  from space 9728K, 87% used [0x00000000e4b80000,0x00000000e53c4ed0,0x00000000e5500000)
  to   space 9216K, 0% used [0x00000000e5500000,0x00000000e5500000,0x00000000e5e00000)
 ParOldGen       total 37888K, used 15780K [0x00000000a0000000, 0x00000000a2500000, 0x00000000e0000000)
  object space 37888K, 41% used [0x00000000a0000000,0x00000000a0f693b0,0x00000000a2500000)
 Metaspace       used 43576K, capacity 44698K, committed 45056K, reserved 1087488K
  class space    used 5993K, capacity 6277K, committed 6400K, reserved 1048576K
GC Heap History (10 events):
Event: 9.158 GC heap before
{Heap before GC invocations=11 (full 1):
 PSYoungGen      total 67584K, used 67399K [0x00000000e0000000, 0x00000000e4b80000, 0x0000000100000000)
  eden space 60928K, 100% used [0x00000000e0000000,0x00000000e3b80000,0x00000000e3b80000)
  from space 6656K, 97% used [0x00000000e3e00000,0x00000000e4451d60,0x00000000e4480000)
  to   space 7168K, 0% used [0x00000000e4480000,0x00000000e4480000,0x00000000e4b80000)
 ParOldGen       total 37888K, used 8963K [0x00000000a0000000, 0x00000000a2500000, 0x00000000e0000000)
  object space 37888K, 23% used [0x00000000a0000000,0x00000000a08c0c90,0x00000000a2500000)
 Metaspace       used 28380K, capacity 28918K, committed 29312K, reserved 1075200K
  class space    used 3953K, capacity 4127K, committed 4224K, reserved 1048576K
Event: 9.172 GC heap after
Heap after GC invocations=11 (full 1):
 PSYoungGen      total 68096K, used 4943K [0x00000000e0000000, 0x00000000e4b80000, 0x0000000100000000)
  eden space 60928K, 0% used [0x00000000e0000000,0x00000000e0000000,0x00000000e3b80000)
  from space 7168K, 68% used [0x00000000e4480000,0x00000000e4953fc8,0x00000000e4b80000)
  to   space 6656K, 0% used [0x00000000e3e00000,0x00000000e3e00000,0x00000000e4480000)
 ParOldGen       total 37888K, used 8979K [0x00000000a0000000, 0x00000000a2500000, 0x00000000e0000000)
  object space 37888K, 23% used [0x00000000a0000000,0x00000000a08c4ca8,0x00000000a2500000)
 Metaspace       used 28380K, capacity 28918K, committed 29312K, reserved 1075200K
  class space    used 3953K, capacity 4127K, committed 4224K, reserved 1048576K
}
Event: 10.574 GC heap before
{Heap before GC invocations=12 (full 1):
 PSYoungGen      total 68096K, used 65871K [0x00000000e0000000, 0x00000000e4b80000, 0x0000000100000000)
  eden space 60928K, 100% used [0x00000000e0000000,0x00000000e3b80000,0x00000000e3b80000)
  from space 7168K, 68% used [0x00000000e4480000,0x00000000e4953fc8,0x00000000e4b80000)
  to   space 6656K, 0% used [0x00000000e3e00000,0x00000000e3e00000,0x00000000e4480000)
 ParOldGen       total 37888K, used 8979K [0x00000000a0000000, 0x00000000a2500000, 0x00000000e0000000)
  object space 37888K, 23% used [0x00000000a0000000,0x00000000a08c4ca8,0x00000000a2500000)
 Metaspace       used 33096K, capacity 33878K, committed 34048K, reserved 1079296K
  class space    used 4577K, capacity 4786K, committed 4864K, reserved 1048576K
Event: 10.598 GC heap after
Heap after GC invocations=12 (full 1):
 PSYoungGen      total 70144K, used 6629K [0x00000000e0000000, 0x00000000e5e00000, 0x0000000100000000)
  eden space 63488K, 0% used [0x00000000e0000000,0x00000000e0000000,0x00000000e3e00000)
  from space 6656K, 99% used [0x00000000e3e00000,0x00000000e4479430,0x00000000e4480000)
  to   space 9216K, 0% used [0x00000000e5500000,0x00000000e5500000,0x00000000e5e00000)
 ParOldGen       total 37888K, used 11640K [0x00000000a0000000, 0x00000000a2500000, 0x00000000e0000000)
  object space 37888K, 30% used [0x00000000a0000000,0x00000000a0b5e000,0x00000000a2500000)
 Metaspace       used 33096K, capacity 33878K, committed 34048K, reserved 1079296K
  class space    used 4577K, capacity 4786K, committed 4864K, reserved 1048576K
}
Event: 11.099 GC heap before
{Heap before GC invocations=13 (full 1):
 PSYoungGen      total 70144K, used 40002K [0x00000000e0000000, 0x00000000e5e00000, 0x0000000100000000)
  eden space 63488K, 52% used [0x00000000e0000000,0x00000000e2097418,0x00000000e3e00000)
  from space 6656K, 99% used [0x00000000e3e00000,0x00000000e4479430,0x00000000e4480000)
  to   space 9216K, 0% used [0x00000000e5500000,0x00000000e5500000,0x00000000e5e00000)
 ParOldGen       total 37888K, used 11640K [0x00000000a0000000, 0x00000000a2500000, 0x00000000e0000000)
  object space 37888K, 30% used [0x00000000a0000000,0x00000000a0b5e000,0x00000000a2500000)
 Metaspace       used 34639K, capacity 35290K, committed 35456K, reserved 1079296K
  class space    used 4777K, capacity 4952K, committed 4992K, reserved 1048576K
Event: 11.117 GC heap after
Heap after GC invocations=13 (full 1):
 PSYoungGen      total 86528K, used 7977K [0x00000000e0000000, 0x00000000e6500000, 0x0000000100000000)
  eden space 77312K, 0% used [0x00000000e0000000,0x00000000e0000000,0x00000000e4b80000)
  from space 9216K, 86% used [0x00000000e5500000,0x00000000e5cca6a8,0x00000000e5e00000)
  to   space 9728K, 0% used [0x00000000e4b80000,0x00000000e4b80000,0x00000000e5500000)
 ParOldGen       total 37888K, used 11712K [0x00000000a0000000, 0x00000000a2500000, 0x00000000e0000000)
  object space 37888K, 30% used [0x00000000a0000000,0x00000000a0b70010,0x00000000a2500000)
 Metaspace       used 34639K, capacity 35290K, committed 35456K, reserved 1079296K
  class space    used 4777K, capacity 4952K, committed 4992K, reserved 1048576K
}
Event: 11.118 GC heap before
{Heap before GC invocations=14 (full 2):
 PSYoungGen      total 86528K, used 7977K [0x00000000e0000000, 0x00000000e6500000, 0x0000000100000000)
  eden space 77312K, 0% used [0x00000000e0000000,0x00000000e0000000,0x00000000e4b80000)
  from space 9216K, 86% used [0x00000000e5500000,0x00000000e5cca6a8,0x00000000e5e00000)
  to   space 9728K, 0% used [0x00000000e4b80000,0x00000000e4b80000,0x00000000e5500000)
 ParOldGen       total 37888K, used 11712K [0x00000000a0000000, 0x00000000a2500000, 0x00000000e0000000)
  object space 37888K, 30% used [0x00000000a0000000,0x00000000a0b70010,0x00000000a2500000)
 Metaspace       used 34639K, capacity 35290K, committed 35456K, reserved 1079296K
  class space    used 4777K, capacity 4952K, committed 4992K, reserved 1048576K
Event: 11.213 GC heap after
Heap after GC invocations=14 (full 2):
 PSYoungGen      total 86528K, used 0K [0x00000000e0000000, 0x00000000e6500000, 0x0000000100000000)
  eden space 77312K, 0% used [0x00000000e0000000,0x00000000e0000000,0x00000000e4b80000)
  from space 9216K, 0% used [0x00000000e5500000,0x00000000e5500000,0x00000000e5e00000)
  to   space 9728K, 0% used [0x00000000e4b80000,0x00000000e4b80000,0x00000000e5500000)
 ParOldGen       total 37888K, used 15708K [0x00000000a0000000, 0x00000000a2500000, 0x00000000e0000000)
  object space 37888K, 41% used [0x00000000a0000000,0x00000000a0f573a0,0x00000000a2500000)
 Metaspace       used 34639K, capacity 35290K, committed 35456K, reserved 1079296K
  class space    used 4777K, capacity 4952K, committed 4992K, reserved 1048576K
}
Event: 17.828 GC heap before
{Heap before GC invocations=15 (full 2):
 PSYoungGen      total 86528K, used 77312K [0x00000000e0000000, 0x00000000e6500000, 0x0000000100000000)
  eden space 77312K, 100% used [0x00000000e0000000,0x00000000e4b80000,0x00000000e4b80000)
  from space 9216K, 0% used [0x00000000e5500000,0x00000000e5500000,0x00000000e5e00000)
  to   space 9728K, 0% used [0x00000000e4b80000,0x00000000e4b80000,0x00000000e5500000)
 ParOldGen       total 37888K, used 15708K [0x00000000a0000000, 0x00000000a2500000, 0x00000000e0000000)
  object space 37888K, 41% used [0x00000000a0000000,0x00000000a0f573a0,0x00000000a2500000)
 Metaspace       used 41720K, capacity 42664K, committed 42880K, reserved 1085440K
  class space    used 5726K, capacity 5994K, committed 6016K, reserved 1048576K
Event: 17.840 GC heap after
Heap after GC invocations=15 (full 2):
 PSYoungGen      total 87040K, used 8467K [0x00000000e0000000, 0x00000000e6500000, 0x0000000100000000)
  eden space 77312K, 0% used [0x00000000e0000000,0x00000000e0000000,0x00000000e4b80000)
  from space 9728K, 87% used [0x00000000e4b80000,0x00000000e53c4ed0,0x00000000e5500000)
  to   space 9216K, 0% used [0x00000000e5500000,0x00000000e5500000,0x00000000e5e00000)
 ParOldGen       total 37888K, used 15780K [0x00000000a0000000, 0x00000000a2500000, 0x00000000e0000000)
  object space 37888K, 41% used [0x00000000a0000000,0x00000000a0f693b0,0x00000000a2500000)
 Metaspace       used 41720K, capacity 42664K, committed 42880K, reserved 1085440K
  class space    used 5726K, capacity 5994K, committed 6016K, reserved 1048576K
}

